<?xml version="1.0" encoding="UTF-8"?>
<!-- Generated by org.testng.reporters.JUnitReportReporter -->
<testsuite skipped="0" hostname="LAPTOP-U97JC2RM" name="com.vtiger.testpom.ExportOrganizations" tests="1" failures="0" timestamp="2019-11-12T14:50:53 IST" time="61.925" errors="0">
  <testcase name="testDuplicateOrganizations" time="61.925" classname="com.vtiger.testpom.ExportOrganizations"/>
</testsuite> <!-- com.vtiger.testpom.ExportOrganizations -->
