<?xml version="1.0" encoding="UTF-8"?>
<!-- Generated by org.testng.reporters.JUnitReportReporter -->
<testsuite skipped="0" hostname="LAPTOP-U97JC2RM" name="com.vtiger.testpom.CreateOrganizationsInQuickCreate" tests="1" failures="0" timestamp="2019-11-11T17:55:14 IST" time="24.545" errors="0">
  <testcase name="testCreateOrganizations" time="24.545" classname="com.vtiger.testpom.CreateOrganizationsInQuickCreate"/>
</testsuite> <!-- com.vtiger.testpom.CreateOrganizationsInQuickCreate -->
