<?xml version="1.0" encoding="UTF-8"?>
<!-- Generated by org.testng.reporters.JUnitReportReporter -->
<testsuite skipped="0" hostname="LAPTOP-U97JC2RM" name="com.vtiger.testpom.DeleteOrganization" tests="1" failures="0" timestamp="2019-11-12T09:04:45 IST" time="36.753" errors="0">
  <testcase name="testDeleteOrganizations" time="36.753" classname="com.vtiger.testpom.DeleteOrganization"/>
</testsuite> <!-- com.vtiger.testpom.DeleteOrganization -->
