<?xml version="1.0" encoding="UTF-8"?>
<!-- Generated by org.testng.reporters.JUnitReportReporter -->
<testsuite skipped="0" hostname="LAPTOP-U97JC2RM" name="com.vtiger.testpom.Search" tests="1" failures="0" timestamp="2019-11-12T16:57:37 IST" time="64.489" errors="0">
  <testcase name="testSearch" time="64.489" classname="com.vtiger.testpom.Search"/>
</testsuite> <!-- com.vtiger.testpom.Search -->
