<?xml version="1.0" encoding="UTF-8"?>
<!-- Generated by org.testng.reporters.JUnitReportReporter -->
<testsuite skipped="0" hostname="LAPTOP-U97JC2RM" name="com.vtiger.testpom.DuplicateOrganizations" tests="1" failures="0" timestamp="2019-11-12T13:13:20 IST" time="50.749" errors="0">
  <testcase name="testDuplicateOrganizations" time="50.749" classname="com.vtiger.testpom.DuplicateOrganizations"/>
</testsuite> <!-- com.vtiger.testpom.DuplicateOrganizations -->
