<?xml version="1.0" encoding="UTF-8"?>
<!-- Generated by org.testng.reporters.JUnitReportReporter -->
<testsuite skipped="0" hostname="LAPTOP-U97JC2RM" name="com.vtiger.testpom.DeleteAllOragnizationsNames" tests="1" failures="0" timestamp="2019-11-13T09:16:20 IST" time="28.709" errors="0">
  <testcase name="testDuplicateOrganizations" time="28.709" classname="com.vtiger.testpom.DeleteAllOragnizationsNames"/>
</testsuite> <!-- com.vtiger.testpom.DeleteAllOragnizationsNames -->
