<?xml version="1.0" encoding="UTF-8"?>
<!-- Generated by org.testng.reporters.JUnitReportReporter -->
<testsuite skipped="0" hostname="LAPTOP-U97JC2RM" name="com.vtiger.testpom.CreateOrganizationsUsingCreateButton" tests="1" failures="0" timestamp="2019-11-12T10:28:22 IST" time="48.141" errors="0">
  <testcase name="testLogin" time="48.141" classname="com.vtiger.testpom.CreateOrganizationsUsingCreateButton"/>
</testsuite> <!-- com.vtiger.testpom.CreateOrganizationsUsingCreateButton -->
