<?xml version="1.0" encoding="UTF-8"?>
<!-- Generated by org.testng.reporters.JUnitReportReporter -->
<testsuite skipped="0" hostname="LAPTOP-U97JC2RM" name="com.vtiger.testpom.MailerExport" tests="1" failures="0" timestamp="2019-11-12T14:58:37 IST" time="63.413" errors="0">
  <testcase name="testMailerExport" time="63.413" classname="com.vtiger.testpom.MailerExport"/>
</testsuite> <!-- com.vtiger.testpom.MailerExport -->
