<?xml version="1.0" encoding="UTF-8"?>
<!-- Generated by org.testng.reporters.JUnitReportReporter -->
<testsuite skipped="0" hostname="LAPTOP-U97JC2RM" name="com.vtiger.testpom.EditOrganizationName" tests="1" failures="0" timestamp="2019-11-11T18:33:47 IST" time="38.057" errors="0">
  <testcase name="testEditOrganizationsName" time="38.057" classname="com.vtiger.testpom.EditOrganizationName"/>
</testsuite> <!-- com.vtiger.testpom.EditOrganizationName -->
